<?xml version="1.0" encoding="utf-8"?>
<coverage line-rate="0.7902" branch-rate="0.7208" version="1.9" timestamp="1775573644" lines-covered="1070" lines-valid="1354" branches-covered="483" branches-valid="670">
  <sources>
    <source>C:\Users\algmi\source\repos\IronMapper\src\</source>
  </sources>
  <packages>
    <package name="IronMapper" line-rate="0" branch-rate="0" complexity="92">
      <classes>
        <class name="IronMapper.Validation.MappingValidator" filename="IronMapper\Validation\MappingValidator.cs" line-rate="0" branch-rate="0" complexity="41">
          <methods>
            <method name="Validate" signature="(System.Type,System.Type)" line-rate="0" branch-rate="0" complexity="28">
              <lines>
                <line number="30" hits="0" branch="False" />
                <line number="31" hits="0" branch="True" condition-coverage="0% (0/2)">
                  <conditions>
                    <condition number="9" type="jump" coverage="0%" />
                  </conditions>
                </line>
                <line number="32" hits="0" branch="True" condition-coverage="0% (0/2)">
                  <conditions>
                    <condition number="30" type="jump" coverage="0%" />
                  </conditions>
                </line>
                <line number="34" hits="0" branch="False" />
                <line number="35" hits="0" branch="False" />
                <line number="38" hits="0" branch="True" condition-coverage="0% (0/2)">
                  <conditions>
                    <condition number="65" type="jump" coverage="0%" />
                  </conditions>
                </line>
                <line number="39" hits="0" branch="False" />
                <line number="40" hits="0" branch="False" />
                <line number="41" hits="0" branch="False" />
                <line number="42" hits="0" branch="False" />
                <line number="43" hits="0" branch="False" />
                <line number="44" hits="0" branch="True" condition-coverage="0% (0/2)">
                  <conditions>
                    <condition number="109" type="jump" coverage="0%" />
                  </conditions>
                </line>
                <line number="45" hits="0" branch="False" />
                <line number="46" hits="0" branch="False" />
                <line number="47" hits="0" branch="False" />
                <line number="48" hits="0" branch="False" />
                <line number="49" hits="0" branch="False" />
                <line number="52" hits="0" branch="True" condition-coverage="0% (0/6)">
                  <conditions>
                    <condition number="147" type="jump" coverage="0%" />
                    <condition number="155" type="jump" coverage="0%" />
                    <condition number="173" type="jump" coverage="0%" />
                  </conditions>
                </line>
                <line number="53" hits="0" branch="False" />
                <line number="54" hits="0" branch="False" />
                <line number="55" hits="0" branch="False" />
                <line number="56" hits="0" branch="False" />
                <line number="57" hits="0" branch="False" />
                <line number="58" hits="0" branch="False" />
                <line number="60" hits="0" branch="True" condition-coverage="0% (0/2)">
                  <conditions>
                    <condition number="202" type="jump" coverage="0%" />
                  </conditions>
                </line>
                <line number="61" hits="0" branch="False" />
                <line number="62" hits="0" branch="False" />
                <line number="63" hits="0" branch="False" />
                <line number="64" hits="0" branch="False" />
                <line number="65" hits="0" branch="False" />
                <line number="66" hits="0" branch="False" />
                <line number="69" hits="0" branch="False" />
                <line number="70" hits="0" branch="False" />
                <line number="72" hits="0" branch="False" />
                <line number="73" hits="0" branch="True" condition-coverage="0% (0/2)">
                  <conditions>
                    <condition number="304" type="jump" coverage="0%" />
                  </conditions>
                </line>
                <line number="75" hits="0" branch="True" condition-coverage="0% (0/2)">
                  <conditions>
                    <condition number="509" type="jump" coverage="0%" />
                  </conditions>
                </line>
                <line number="76" hits="0" branch="False" />
                <line number="77" hits="0" branch="True" condition-coverage="0% (0/2)">
                  <conditions>
                    <condition number="347" type="jump" coverage="0%" />
                  </conditions>
                </line>
                <line number="78" hits="0" branch="False" />
                <line number="79" hits="0" branch="False" />
                <line number="80" hits="0" branch="False" />
                <line number="81" hits="0" branch="False" />
                <line number="82" hits="0" branch="False" />
                <line number="83" hits="0" branch="False" />
                <line number="84" hits="0" branch="False" />
                <line number="87" hits="0" branch="True" condition-coverage="0% (0/2)">
                  <conditions>
                    <condition number="765" type="jump" coverage="0%" />
                  </conditions>
                </line>
                <line number="88" hits="0" branch="False" />
                <line number="89" hits="0" branch="False" />
                <line number="90" hits="0" branch="True" condition-coverage="0% (0/2)">
                  <conditions>
                    <condition number="558" type="jump" coverage="0%" />
                  </conditions>
                </line>
                <line number="92" hits="0" branch="True" condition-coverage="0% (0/2)">
                  <conditions>
                    <condition number="591" type="jump" coverage="0%" />
                  </conditions>
                </line>
                <line number="93" hits="0" branch="False" />
                <line number="94" hits="0" branch="False" />
                <line number="95" hits="0" branch="False" />
                <line number="96" hits="0" branch="False" />
                <line number="97" hits="0" branch="False" />
                <line number="98" hits="0" branch="False" />
                <line number="99" hits="0" branch="False" />
                <line number="101" hits="0" branch="False" />
                <line number="102" hits="0" branch="False" />
              </lines>
            </method>
            <method name="ValidateAndThrow" signature="(System.Type,System.Type)" line-rate="0" branch-rate="0" complexity="2">
              <lines>
                <line number="112" hits="0" branch="False" />
                <line number="113" hits="0" branch="False" />
                <line number="114" hits="0" branch="True" condition-coverage="0% (0/2)">
                  <conditions>
                    <condition number="17" type="jump" coverage="0%" />
                  </conditions>
                </line>
                <line number="115" hits="0" branch="False" />
                <line number="116" hits="0" branch="False" />
                <line number="117" hits="0" branch="False" />
                <line number="118" hits="0" branch="False" />
                <line number="120" hits="0" branch="False" />
              </lines>
            </method>
            <method name="GetPublicReadableProperties" signature="(System.Type)" line-rate="0" branch-rate="1" complexity="1">
              <lines>
                <line number="127" hits="0" branch="False" />
              </lines>
            </method>
            <method name="GetPublicWritableProperties" signature="(System.Type)" line-rate="0" branch-rate="0" complexity="6">
              <lines>
                <line number="130" hits="0" branch="False" />
                <line number="131" hits="0" branch="False" />
                <line number="132" hits="0" branch="False" />
                <line number="133" hits="0" branch="True" condition-coverage="0% (0/2)">
                  <conditions>
                    <condition number="80" type="jump" coverage="0%" />
                  </conditions>
                </line>
                <line number="134" hits="0" branch="True" condition-coverage="0% (0/4)">
                  <conditions>
                    <condition number="38" type="jump" coverage="0%" />
                    <condition number="61" type="jump" coverage="0%" />
                  </conditions>
                </line>
                <line number="135" hits="0" branch="False" />
                <line number="136" hits="0" branch="False" />
                <line number="137" hits="0" branch="False" />
              </lines>
            </method>
            <method name="FindProperty" signature="(System.Reflection.PropertyInfo[],System.String)" line-rate="0" branch-rate="0" complexity="4">
              <lines>
                <line number="140" hits="0" branch="False" />
                <line number="141" hits="0" branch="True" condition-coverage="0% (0/2)">
                  <conditions>
                    <condition number="42" type="jump" coverage="0%" />
                  </conditions>
                </line>
                <line number="142" hits="0" branch="True" condition-coverage="0% (0/2)">
                  <conditions>
                    <condition number="27" type="jump" coverage="0%" />
                  </conditions>
                </line>
                <line number="143" hits="0" branch="False" />
                <line number="144" hits="0" branch="False" />
                <line number="145" hits="0" branch="False" />
              </lines>
            </method>
          </methods>
          <lines>
            <line number="30" hits="0" branch="False" />
            <line number="31" hits="0" branch="True" condition-coverage="0% (0/2)">
              <conditions>
                <condition number="9" type="jump" coverage="0%" />
              </conditions>
            </line>
            <line number="32" hits="0" branch="True" condition-coverage="0% (0/2)">
              <conditions>
                <condition number="30" type="jump" coverage="0%" />
              </conditions>
            </line>
            <line number="34" hits="0" branch="False" />
            <line number="35" hits="0" branch="False" />
            <line number="38" hits="0" branch="True" condition-coverage="0% (0/2)">
              <conditions>
                <condition number="65" type="jump" coverage="0%" />
              </conditions>
            </line>
            <line number="39" hits="0" branch="False" />
            <line number="40" hits="0" branch="False" />
            <line number="41" hits="0" branch="False" />
            <line number="42" hits="0" branch="False" />
            <line number="43" hits="0" branch="False" />
            <line number="44" hits="0" branch="True" condition-coverage="0% (0/2)">
              <conditions>
                <condition number="109" type="jump" coverage="0%" />
              </conditions>
            </line>
            <line number="45" hits="0" branch="False" />
            <line number="46" hits="0" branch="False" />
            <line number="47" hits="0" branch="False" />
            <line number="48" hits="0" branch="False" />
            <line number="49" hits="0" branch="False" />
            <line number="52" hits="0" branch="True" condition-coverage="0% (0/6)">
              <conditions>
                <condition number="147" type="jump" coverage="0%" />
                <condition number="155" type="jump" coverage="0%" />
                <condition number="173" type="jump" coverage="0%" />
              </conditions>
            </line>
            <line number="53" hits="0" branch="False" />
            <line number="54" hits="0" branch="False" />
            <line number="55" hits="0" branch="False" />
            <line number="56" hits="0" branch="False" />
            <line number="57" hits="0" branch="False" />
            <line number="58" hits="0" branch="False" />
            <line number="60" hits="0" branch="True" condition-coverage="0% (0/2)">
              <conditions>
                <condition number="202" type="jump" coverage="0%" />
              </conditions>
            </line>
            <line number="61" hits="0" branch="False" />
            <line number="62" hits="0" branch="False" />
            <line number="63" hits="0" branch="False" />
            <line number="64" hits="0" branch="False" />
            <line number="65" hits="0" branch="False" />
            <line number="66" hits="0" branch="False" />
            <line number="69" hits="0" branch="False" />
            <line number="70" hits="0" branch="False" />
            <line number="72" hits="0" branch="False" />
            <line number="73" hits="0" branch="True" condition-coverage="0% (0/2)">
              <conditions>
                <condition number="304" type="jump" coverage="0%" />
              </conditions>
            </line>
            <line number="75" hits="0" branch="True" condition-coverage="0% (0/2)">
              <conditions>
                <condition number="509" type="jump" coverage="0%" />
              </conditions>
            </line>
            <line number="76" hits="0" branch="False" />
            <line number="77" hits="0" branch="True" condition-coverage="0% (0/2)">
              <conditions>
                <condition number="347" type="jump" coverage="0%" />
              </conditions>
            </line>
            <line number="78" hits="0" branch="False" />
            <line number="79" hits="0" branch="False" />
            <line number="80" hits="0" branch="False" />
            <line number="81" hits="0" branch="False" />
            <line number="82" hits="0" branch="False" />
            <line number="83" hits="0" branch="False" />
            <line number="84" hits="0" branch="False" />
            <line number="87" hits="0" branch="True" condition-coverage="0% (0/2)">
              <conditions>
                <condition number="765" type="jump" coverage="0%" />
              </conditions>
            </line>
            <line number="88" hits="0" branch="False" />
            <line number="89" hits="0" branch="False" />
            <line number="90" hits="0" branch="True" condition-coverage="0% (0/2)">
              <conditions>
                <condition number="558" type="jump" coverage="0%" />
              </conditions>
            </line>
            <line number="92" hits="0" branch="True" condition-coverage="0% (0/2)">
              <conditions>
                <condition number="591" type="jump" coverage="0%" />
              </conditions>
            </line>
            <line number="93" hits="0" branch="False" />
            <line number="94" hits="0" branch="False" />
            <line number="95" hits="0" branch="False" />
            <line number="96" hits="0" branch="False" />
            <line number="97" hits="0" branch="False" />
            <line number="98" hits="0" branch="False" />
            <line number="99" hits="0" branch="False" />
            <line number="101" hits="0" branch="False" />
            <line number="102" hits="0" branch="False" />
            <line number="112" hits="0" branch="False" />
            <line number="113" hits="0" branch="False" />
            <line number="114" hits="0" branch="True" condition-coverage="0% (0/2)">
              <conditions>
                <condition number="17" type="jump" coverage="0%" />
              </conditions>
            </line>
            <line number="115" hits="0" branch="False" />
            <line number="116" hits="0" branch="False" />
            <line number="117" hits="0" branch="False" />
            <line number="118" hits="0" branch="False" />
            <line number="120" hits="0" branch="False" />
            <line number="127" hits="0" branch="False" />
            <line number="130" hits="0" branch="False" />
            <line number="131" hits="0" branch="False" />
            <line number="132" hits="0" branch="False" />
            <line number="133" hits="0" branch="True" condition-coverage="0% (0/2)">
              <conditions>
                <condition number="80" type="jump" coverage="0%" />
              </conditions>
            </line>
            <line number="134" hits="0" branch="True" condition-coverage="0% (0/4)">
              <conditions>
                <condition number="38" type="jump" coverage="0%" />
                <condition number="61" type="jump" coverage="0%" />
              </conditions>
            </line>
            <line number="135" hits="0" branch="False" />
            <line number="136" hits="0" branch="False" />
            <line number="137" hits="0" branch="False" />
            <line number="140" hits="0" branch="False" />
            <line number="141" hits="0" branch="True" condition-coverage="0% (0/2)">
              <conditions>
                <condition number="42" type="jump" coverage="0%" />
              </conditions>
            </line>
            <line number="142" hits="0" branch="True" condition-coverage="0% (0/2)">
              <conditions>
                <condition number="27" type="jump" coverage="0%" />
              </conditions>
            </line>
            <line number="143" hits="0" branch="False" />
            <line number="144" hits="0" branch="False" />
            <line number="145" hits="0" branch="False" />
          </lines>
        </class>
        <class name="IronMapper.Validation.ValidationResult" filename="IronMapper\Validation\ValidationResult.cs" line-rate="0" branch-rate="0" complexity="10">
          <methods>
            <method name="get_Errors" signature="()" line-rate="0" branch-rate="1" complexity="1">
              <lines>
                <line number="17" hits="0" branch="False" />
              </lines>
            </method>
            <method name="get_Warnings" signature="()" line-rate="0" branch-rate="1" complexity="1">
              <lines>
                <line number="23" hits="0" branch="False" />
              </lines>
            </method>
            <method name="get_IsValid" signature="()" line-rate="0" branch-rate="1" complexity="1">
              <lines>
                <line number="26" hits="0" branch="False" />
              </lines>
            </method>
            <method name="get_HasErrors" signature="()" line-rate="0" branch-rate="1" complexity="1">
              <lines>
                <line number="29" hits="0" branch="False" />
              </lines>
            </method>
            <method name="get_HasWarnings" signature="()" line-rate="0" branch-rate="1" complexity="1">
              <lines>
                <line number="32" hits="0" branch="False" />
              </lines>
            </method>
            <method name="FormatMessages" signature="()" line-rate="0" branch-rate="0" complexity="4">
              <lines>
                <line number="51" hits="0" branch="False" />
                <line number="52" hits="0" branch="False" />
                <line number="54" hits="0" branch="True" condition-coverage="0% (0/2)">
                  <conditions>
                    <condition number="79" type="jump" coverage="0%" />
                  </conditions>
                </line>
                <line number="55" hits="0" branch="False" />
                <line number="57" hits="0" branch="True" condition-coverage="0% (0/2)">
                  <conditions>
                    <condition number="171" type="jump" coverage="0%" />
                  </conditions>
                </line>
                <line number="58" hits="0" branch="False" />
                <line number="60" hits="0" branch="False" />
                <line number="61" hits="0" branch="False" />
              </lines>
            </method>
            <method name=".ctor" signature="(System.Collections.Generic.IReadOnlyList`1&lt;System.String&gt;,System.Collections.Generic.IReadOnlyList`1&lt;System.String&gt;)" line-rate="0" branch-rate="1" complexity="1">
              <lines>
                <line number="37" hits="0" branch="False" />
                <line number="38" hits="0" branch="False" />
                <line number="39" hits="0" branch="False" />
                <line number="40" hits="0" branch="False" />
                <line number="41" hits="0" branch="False" />
              </lines>
            </method>
          </methods>
          <lines>
            <line number="17" hits="0" branch="False" />
            <line number="23" hits="0" branch="False" />
            <line number="26" hits="0" branch="False" />
            <line number="29" hits="0" branch="False" />
            <line number="32" hits="0" branch="False" />
            <line number="51" hits="0" branch="False" />
            <line number="52" hits="0" branch="False" />
            <line number="54" hits="0" branch="True" condition-coverage="0% (0/2)">
              <conditions>
                <condition number="79" type="jump" coverage="0%" />
              </conditions>
            </line>
            <line number="55" hits="0" branch="False" />
            <line number="57" hits="0" branch="True" condition-coverage="0% (0/2)">
              <conditions>
                <condition number="171" type="jump" coverage="0%" />
              </conditions>
            </line>
            <line number="58" hits="0" branch="False" />
            <line number="60" hits="0" branch="False" />
            <line number="61" hits="0" branch="False" />
            <line number="37" hits="0" branch="False" />
            <line number="38" hits="0" branch="False" />
            <line number="39" hits="0" branch="False" />
            <line number="40" hits="0" branch="False" />
            <line number="41" hits="0" branch="False" />
          </lines>
        </class>
        <class name="IronMapper.Exceptions.MappingConfigurationException" filename="IronMapper\Exceptions\MappingConfigurationException.cs" line-rate="0" branch-rate="1" complexity="6">
          <methods>
            <method name="get_SourceType" signature="()" line-rate="0" branch-rate="1" complexity="1">
              <lines>
                <line number="13" hits="0" branch="False" />
              </lines>
            </method>
            <method name="get_DestinationType" signature="()" line-rate="0" branch-rate="1" complexity="1">
              <lines>
                <line number="16" hits="0" branch="False" />
              </lines>
            </method>
            <method name=".ctor" signature="()" line-rate="0" branch-rate="1" complexity="1">
              <lines>
                <line number="19" hits="0" branch="False" />
              </lines>
            </method>
            <method name=".ctor" signature="(System.String)" line-rate="0" branch-rate="1" complexity="1">
              <lines>
                <line number="25" hits="0" branch="False" />
              </lines>
            </method>
            <method name=".ctor" signature="(System.Type,System.Type)" line-rate="0" branch-rate="1" complexity="1">
              <lines>
                <line number="33" hits="0" branch="False" />
                <line number="34" hits="0" branch="False" />
                <line number="35" hits="0" branch="False" />
                <line number="36" hits="0" branch="False" />
                <line number="37" hits="0" branch="False" />
                <line number="38" hits="0" branch="False" />
              </lines>
            </method>
            <method name=".ctor" signature="(System.String,System.Exception)" line-rate="0" branch-rate="1" complexity="1">
              <lines>
                <line number="46" hits="0" branch="False" />
              </lines>
            </method>
          </methods>
          <lines>
            <line number="13" hits="0" branch="False" />
            <line number="16" hits="0" branch="False" />
            <line number="19" hits="0" branch="False" />
            <line number="25" hits="0" branch="False" />
            <line number="33" hits="0" branch="False" />
            <line number="34" hits="0" branch="False" />
            <line number="35" hits="0" branch="False" />
            <line number="36" hits="0" branch="False" />
            <line number="37" hits="0" branch="False" />
            <line number="38" hits="0" branch="False" />
            <line number="46" hits="0" branch="False" />
          </lines>
        </class>
        <class name="IronMapper.Exceptions.MappingException" filename="IronMapper\Exceptions\MappingException.cs" line-rate="0" branch-rate="1" complexity="3">
          <methods>
            <method name=".ctor" signature="()" line-rate="0" branch-rate="1" complexity="1">
              <lines>
                <line number="13" hits="0" branch="False" />
              </lines>
            </method>
            <method name=".ctor" signature="(System.String)" line-rate="0" branch-rate="1" complexity="1">
              <lines>
                <line number="17" hits="0" branch="False" />
              </lines>
            </method>
            <method name=".ctor" signature="(System.String,System.Exception)" line-rate="0" branch-rate="1" complexity="1">
              <lines>
                <line number="25" hits="0" branch="False" />
              </lines>
            </method>
          </methods>
          <lines>
            <line number="13" hits="0" branch="False" />
            <line number="17" hits="0" branch="False" />
            <line number="25" hits="0" branch="False" />
          </lines>
        </class>
        <class name="IronMapper.Configuration.IncludedMemberDescriptor" filename="IronMapper\Configuration\IncludedMemberDescriptor.cs" line-rate="0" branch-rate="1" complexity="2">
          <methods>
            <method name="get_MemberPath" signature="()" line-rate="0" branch-rate="1" complexity="1">
              <lines>
                <line number="12" hits="0" branch="False" />
              </lines>
            </method>
            <method name=".ctor" signature="(System.String)" line-rate="0" branch-rate="1" complexity="1">
              <lines>
                <line number="16" hits="0" branch="False" />
                <line number="17" hits="0" branch="False" />
                <line number="18" hits="0" branch="False" />
                <line number="19" hits="0" branch="False" />
              </lines>
            </method>
          </methods>
          <lines>
            <line number="12" hits="0" branch="False" />
            <line number="16" hits="0" branch="False" />
            <line number="17" hits="0" branch="False" />
            <line number="18" hits="0" branch="False" />
            <line number="19" hits="0" branch="False" />
          </lines>
        </class>
        <class name="IronMapper.Configuration.MappingExpression`2" filename="IronMapper\Configuration\MappingExpression.cs" line-rate="0" branch-rate="1" complexity="9">
          <methods>
            <method name="ForMember" signature="(System.Linq.Expressions.Expression`1&lt;System.Func`2&lt;TDest,System.Object&gt;&gt;,System.Action`1&lt;IronMapper.Configuration.IMemberConfigurationExpression`2&lt;TSource,TDest&gt;&gt;)" line-rate="0" branch-rate="1" complexity="1">
              <lines>
                <line number="18" hits="0" branch="False" />
                <line number="19" hits="0" branch="False" />
                <line number="20" hits="0" branch="False" />
                <line number="21" hits="0" branch="False" />
                <line number="22" hits="0" branch="False" />
              </lines>
            </method>
            <method name="Ignore" signature="(System.Linq.Expressions.Expression`1&lt;System.Func`2&lt;TDest,System.Object&gt;&gt;)" line-rate="0" branch-rate="1" complexity="1">
              <lines>
                <line number="26" hits="0" branch="False" />
              </lines>
            </method>
            <method name="When" signature="(System.Func`2&lt;TSource,System.Boolean&gt;)" line-rate="0" branch-rate="1" complexity="1">
              <lines>
                <line number="30" hits="0" branch="False" />
              </lines>
            </method>
            <method name="ConvertUsing" signature="()" line-rate="0" branch-rate="1" complexity="1">
              <lines>
                <line number="35" hits="0" branch="False" />
              </lines>
            </method>
            <method name="ConvertUsing" signature="(System.Func`2&lt;TSource,TDest&gt;)" line-rate="0" branch-rate="1" complexity="1">
              <lines>
                <line number="39" hits="0" branch="False" />
              </lines>
            </method>
            <method name="ReverseMap" signature="()" line-rate="0" branch-rate="1" complexity="1">
              <lines>
                <line number="43" hits="0" branch="False" />
              </lines>
            </method>
            <method name="BeforeMap" signature="(System.Action`2&lt;TSource,TDest&gt;)" line-rate="0" branch-rate="1" complexity="1">
              <lines>
                <line number="47" hits="0" branch="False" />
              </lines>
            </method>
            <method name="AfterMap" signature="(System.Action`2&lt;TSource,TDest&gt;)" line-rate="0" branch-rate="1" complexity="1">
              <lines>
                <line number="51" hits="0" branch="False" />
              </lines>
            </method>
            <method name="IncludeMembers" signature="(System.Linq.Expressions.Expression`1&lt;System.Func`2&lt;TSource,System.Object&gt;&gt;[])" line-rate="0" branch-rate="1" complexity="1">
              <lines>
                <line number="56" hits="0" branch="False" />
              </lines>
            </method>
          </methods>
          <lines>
            <line number="18" hits="0" branch="False" />
            <line number="19" hits="0" branch="False" />
            <line number="20" hits="0" branch="False" />
            <line number="21" hits="0" branch="False" />
            <line number="22" hits="0" branch="False" />
            <line number="26" hits="0" branch="False" />
            <line number="30" hits="0" branch="False" />
            <line number="35" hits="0" branch="False" />
            <line number="39" hits="0" branch="False" />
            <line number="43" hits="0" branch="False" />
            <line number="47" hits="0" branch="False" />
            <line number="51" hits="0" branch="False" />
            <line number="56" hits="0" branch="False" />
          </lines>
        </class>
        <class name="IronMapper.Configuration.MappingProfile" filename="IronMapper\Configuration\MappingProfile.cs" line-rate="0" branch-rate="1" complexity="4">
          <methods>
            <method name="CreateMap" signature="()" line-rate="0" branch-rate="1" complexity="1">
              <lines>
                <line number="38" hits="0" branch="False" />
                <line number="39" hits="0" branch="False" />
                <line number="40" hits="0" branch="False" />
              </lines>
            </method>
            <method name="AddTransformer" signature="(System.Func`2&lt;TValue,TValue&gt;)" line-rate="0" branch-rate="1" complexity="1">
              <lines>
                <line number="48" hits="0" branch="False" />
                <line number="49" hits="0" branch="False" />
                <line number="50" hits="0" branch="False" />
                <line number="51" hits="0" branch="False" />
              </lines>
            </method>
            <method name="GetTransformers" signature="()" line-rate="0" branch-rate="1" complexity="1">
              <lines>
                <line number="54" hits="0" branch="False" />
              </lines>
            </method>
            <method name=".ctor" signature="()" line-rate="0" branch-rate="1" complexity="1">
              <lines>
                <line number="26" hits="0" branch="False" />
              </lines>
            </method>
          </methods>
          <lines>
            <line number="38" hits="0" branch="False" />
            <line number="39" hits="0" branch="False" />
            <line number="40" hits="0" branch="False" />
            <line number="48" hits="0" branch="False" />
            <line number="49" hits="0" branch="False" />
            <line number="50" hits="0" branch="False" />
            <line number="51" hits="0" branch="False" />
            <line number="54" hits="0" branch="False" />
            <line number="26" hits="0" branch="False" />
          </lines>
        </class>
        <class name="IronMapper.Configuration.MemberConfigurationExpression`2" filename="IronMapper\Configuration\MemberConfigurationExpression.cs" line-rate="0" branch-rate="1" complexity="4">
          <methods>
            <method name="MapFrom" signature="(System.Linq.Expressions.Expression`1&lt;System.Func`2&lt;TSource,TMember&gt;&gt;)" line-rate="0" branch-rate="1" complexity="1">
              <lines>
                <line number="14" hits="0" branch="False" />
              </lines>
            </method>
            <method name="MapFrom" signature="(System.Func`2&lt;TSource,System.Object&gt;)" line-rate="0" branch-rate="1" complexity="1">
              <lines>
                <line number="17" hits="0" branch="False" />
              </lines>
            </method>
            <method name="Ignore" signature="()" line-rate="0" branch-rate="1" complexity="1">
              <lines>
                <line number="20" hits="0" branch="False" />
              </lines>
            </method>
            <method name="UseConverter" signature="()" line-rate="0" branch-rate="1" complexity="1">
              <lines>
                <line number="23" hits="0" branch="False" />
              </lines>
            </method>
          </methods>
          <lines>
            <line number="14" hits="0" branch="False" />
            <line number="17" hits="0" branch="False" />
            <line number="20" hits="0" branch="False" />
            <line number="23" hits="0" branch="False" />
          </lines>
        </class>
        <class name="IronMapper.Configuration.ValueTransformerDescriptor" filename="IronMapper\Configuration\ValueTransformerDescriptor.cs" line-rate="0" branch-rate="1" complexity="4">
          <methods>
            <method name="get_ValueType" signature="()" line-rate="0" branch-rate="1" complexity="1">
              <lines>
                <line number="9" hits="0" branch="False" />
              </lines>
            </method>
            <method name="get_TransformerMethodName" signature="()" line-rate="0" branch-rate="1" complexity="1">
              <lines>
                <line number="12" hits="0" branch="False" />
              </lines>
            </method>
            <method name="get_TransformerDelegate" signature="()" line-rate="0" branch-rate="1" complexity="1">
              <lines>
                <line number="15" hits="0" branch="False" />
              </lines>
            </method>
            <method name=".ctor" signature="(System.Type,System.String,System.Delegate)" line-rate="0" branch-rate="1" complexity="1">
              <lines>
                <line number="17" hits="0" branch="False" />
                <line number="18" hits="0" branch="False" />
                <line number="19" hits="0" branch="False" />
                <line number="20" hits="0" branch="False" />
                <line number="21" hits="0" branch="False" />
                <line number="22" hits="0" branch="False" />
              </lines>
            </method>
          </methods>
          <lines>
            <line number="9" hits="0" branch="False" />
            <line number="12" hits="0" branch="False" />
            <line number="15" hits="0" branch="False" />
            <line number="17" hits="0" branch="False" />
            <line number="18" hits="0" branch="False" />
            <line number="19" hits="0" branch="False" />
            <line number="20" hits="0" branch="False" />
            <line number="21" hits="0" branch="False" />
            <line number="22" hits="0" branch="False" />
          </lines>
        </class>
        <class name="IronMapper.Attributes.IgnoreAttribute" filename="IronMapper\Attributes\IgnoreAttribute.cs" line-rate="0" branch-rate="1" complexity="1">
          <methods>
            <method name=".ctor" signature="()" line-rate="0" branch-rate="1" complexity="1">
              <lines>
                <line number="20" hits="0" branch="False" />
              </lines>
            </method>
          </methods>
          <lines>
            <line number="20" hits="0" branch="False" />
          </lines>
        </class>
        <class name="IronMapper.Attributes.MapConverterAttribute" filename="IronMapper\Attributes\MapConverterAttribute.cs" line-rate="0" branch-rate="1" complexity="2">
          <methods>
            <method name="get_ConverterType" signature="()" line-rate="0" branch-rate="1" complexity="1">
              <lines>
                <line number="21" hits="0" branch="False" />
              </lines>
            </method>
            <method name=".ctor" signature="(System.Type)" line-rate="0" branch-rate="1" complexity="1">
              <lines>
                <line number="27" hits="0" branch="False" />
                <line number="28" hits="0" branch="False" />
                <line number="29" hits="0" branch="False" />
                <line number="30" hits="0" branch="False" />
              </lines>
            </method>
          </methods>
          <lines>
            <line number="21" hits="0" branch="False" />
            <line number="27" hits="0" branch="False" />
            <line number="28" hits="0" branch="False" />
            <line number="29" hits="0" branch="False" />
            <line number="30" hits="0" branch="False" />
          </lines>
        </class>
        <class name="IronMapper.Attributes.MapFromAttribute" filename="IronMapper\Attributes\MapFromAttribute.cs" line-rate="0" branch-rate="1" complexity="2">
          <methods>
            <method name="get_SourceType" signature="()" line-rate="0" branch-rate="1" complexity="1">
              <lines>
                <line number="17" hits="0" branch="False" />
              </lines>
            </method>
            <method name=".ctor" signature="(System.Type)" line-rate="0" branch-rate="1" complexity="1">
              <lines>
                <line number="21" hits="0" branch="False" />
                <line number="22" hits="0" branch="False" />
                <line number="23" hits="0" branch="False" />
                <line number="24" hits="0" branch="False" />
              </lines>
            </method>
          </methods>
          <lines>
            <line number="17" hits="0" branch="False" />
            <line number="21" hits="0" branch="False" />
            <line number="22" hits="0" branch="False" />
            <line number="23" hits="0" branch="False" />
            <line number="24" hits="0" branch="False" />
          </lines>
        </class>
        <class name="IronMapper.Attributes.MapPropertyAttribute" filename="IronMapper\Attributes\MapPropertyAttribute.cs" line-rate="0" branch-rate="1" complexity="2">
          <methods>
            <method name="get_DestinationProperty" signature="()" line-rate="0" branch-rate="1" complexity="1">
              <lines>
                <line number="21" hits="0" branch="False" />
              </lines>
            </method>
            <method name=".ctor" signature="(System.String)" line-rate="0" branch-rate="1" complexity="1">
              <lines>
                <line number="25" hits="0" branch="False" />
                <line number="26" hits="0" branch="False" />
                <line number="27" hits="0" branch="False" />
                <line number="28" hits="0" branch="False" />
              </lines>
            </method>
          </methods>
          <lines>
            <line number="21" hits="0" branch="False" />
            <line number="25" hits="0" branch="False" />
            <line number="26" hits="0" branch="False" />
            <line number="27" hits="0" branch="False" />
            <line number="28" hits="0" branch="False" />
          </lines>
        </class>
        <class name="IronMapper.Attributes.MapToAttribute" filename="IronMapper\Attributes\MapToAttribute.cs" line-rate="0" branch-rate="1" complexity="2">
          <methods>
            <method name="get_DestinationType" signature="()" line-rate="0" branch-rate="1" complexity="1">
              <lines>
                <line number="17" hits="0" branch="False" />
              </lines>
            </method>
            <method name=".ctor" signature="(System.Type)" line-rate="0" branch-rate="1" complexity="1">
              <lines>
                <line number="21" hits="0" branch="False" />
                <line number="22" hits="0" branch="False" />
                <line number="23" hits="0" branch="False" />
                <line number="24" hits="0" branch="False" />
              </lines>
            </method>
          </methods>
          <lines>
            <line number="17" hits="0" branch="False" />
            <line number="21" hits="0" branch="False" />
            <line number="22" hits="0" branch="False" />
            <line number="23" hits="0" branch="False" />
            <line number="24" hits="0" branch="False" />
          </lines>
        </class>
      </classes>
    </package>
    <package name="IronMapper.Generator" line-rate="0.9075" branch-rate="0.7715000000000001" complexity="667">
      <classes>
        <class name="IronMapper.Generator.IronMapperGenerator" filename="IronMapper.Generator\IronMapperGenerator.cs" line-rate="0.9215000000000001" branch-rate="0.5625" complexity="17">
          <methods>
            <method name="Initialize" signature="(Microsoft.CodeAnalysis.IncrementalGeneratorInitializationContext)" line-rate="1" branch-rate="1" complexity="1">
              <lines>
                <line number="30" hits="44" branch="False" />
                <line number="32" hits="44" branch="False" />
                <line number="33" hits="44" branch="False" />
                <line number="34" hits="44" branch="False" />
                <line number="35" hits="22" branch="False" />
                <line number="36" hits="21" branch="False" />
                <line number="37" hits="65" branch="False" />
                <line number="40" hits="44" branch="False" />
                <line number="41" hits="44" branch="False" />
                <line number="42" hits="44" branch="False" />
                <line number="43" hits="1" branch="False" />
                <line number="44" hits="1" branch="False" />
                <line number="45" hits="45" branch="False" />
                <line number="47" hits="44" branch="False" />
                <line number="48" hits="66" branch="False" />
                <line number="50" hits="44" branch="False" />
                <line number="51" hits="45" branch="False" />
                <line number="54" hits="44" branch="False" />
                <line number="55" hits="44" branch="False" />
                <line number="56" hits="44" branch="False" />
                <line number="57" hits="27" branch="False" />
                <line number="58" hits="71" branch="False" />
                <line number="60" hits="44" branch="False" />
                <line number="61" hits="69" branch="False" />
                <line number="62" hits="44" branch="False" />
              </lines>
            </method>
            <method name="IsEligibleTypeDeclaration" signature="(Microsoft.CodeAnalysis.SyntaxNode)" line-rate="0.75" branch-rate="0.41659999999999997" complexity="12">
              <lines>
                <line number="69" hits="23" branch="False" />
                <line number="70" hits="23" branch="True" condition-coverage="16.66% (1/6)">
                  <conditions>
                    <condition number="13" type="jump" coverage="50%" />
                    <condition number="23" type="jump" coverage="0%" />
                    <condition number="33" type="jump" coverage="0%" />
                  </conditions>
                </line>
                <line number="71" hits="23" branch="False" />
                <line number="72" hits="23" branch="False" />
                <line number="73" hits="0" branch="False" />
                <line number="74" hits="0" branch="False" />
                <line number="75" hits="0" branch="False" />
                <line number="76" hits="23" branch="False" />
                <line number="78" hits="23" branch="True" condition-coverage="50% (1/2)">
                  <conditions>
                    <condition number="114" type="jump" coverage="50%" />
                  </conditions>
                </line>
                <line number="80" hits="115" branch="True" condition-coverage="100% (2/2)">
                  <conditions>
                    <condition number="174" type="jump" coverage="100%" />
                  </conditions>
                </line>
                <line number="81" hits="23" branch="False" />
                <line number="82" hits="23" branch="True" condition-coverage="50% (1/2)">
                  <conditions>
                    <condition number="159" type="jump" coverage="50%" />
                  </conditions>
                </line>
                <line number="83" hits="0" branch="False" />
                <line number="84" hits="23" branch="False" />
                <line number="86" hits="23" branch="False" />
                <line number="87" hits="23" branch="False" />
              </lines>
            </method>
            <method name="EmitDescriptor" signature="(Microsoft.CodeAnalysis.SourceProductionContext,IronMapper.Generator.Analysis.Models.MappingDescriptor)" line-rate="1" branch-rate="1" complexity="4">
              <lines>
                <line number="95" hits="48" branch="False" />
                <line number="97" hits="170" branch="True" condition-coverage="100% (2/2)">
                  <conditions>
                    <condition number="73" type="jump" coverage="100%" />
                  </conditions>
                </line>
                <line number="98" hits="13" branch="False" />
                <line number="99" hits="13" branch="False" />
                <line number="100" hits="13" branch="False" />
                <line number="101" hits="13" branch="False" />
                <line number="104" hits="52" branch="True" condition-coverage="100% (2/2)">
                  <conditions>
                    <condition number="93" type="jump" coverage="100%" />
                  </conditions>
                </line>
                <line number="106" hits="44" branch="False" />
                <line number="107" hits="44" branch="False" />
                <line number="108" hits="48" branch="False" />
              </lines>
            </method>
          </methods>
          <lines>
            <line number="30" hits="44" branch="False" />
            <line number="32" hits="44" branch="False" />
            <line number="33" hits="44" branch="False" />
            <line number="34" hits="44" branch="False" />
            <line number="35" hits="22" branch="False" />
            <line number="36" hits="21" branch="False" />
            <line number="37" hits="65" branch="False" />
            <line number="40" hits="44" branch="False" />
            <line number="41" hits="44" branch="False" />
            <line number="42" hits="44" branch="False" />
            <line number="43" hits="1" branch="False" />
            <line number="44" hits="1" branch="False" />
            <line number="45" hits="45" branch="False" />
            <line number="47" hits="44" branch="False" />
            <line number="48" hits="66" branch="False" />
            <line number="50" hits="44" branch="False" />
            <line number="51" hits="45" branch="False" />
            <line number="54" hits="44" branch="False" />
            <line number="55" hits="44" branch="False" />
            <line number="56" hits="44" branch="False" />
            <line number="57" hits="27" branch="False" />
            <line number="58" hits="71" branch="False" />
            <line number="60" hits="44" branch="False" />
            <line number="61" hits="69" branch="False" />
            <line number="62" hits="44" branch="False" />
            <line number="69" hits="23" branch="False" />
            <line number="70" hits="23" branch="True" condition-coverage="16.66% (1/6)">
              <conditions>
                <condition number="13" type="jump" coverage="50%" />
                <condition number="23" type="jump" coverage="0%" />
                <condition number="33" type="jump" coverage="0%" />
              </conditions>
            </line>
            <line number="71" hits="23" branch="False" />
            <line number="72" hits="23" branch="False" />
            <line number="73" hits="0" branch="False" />
            <line number="74" hits="0" branch="False" />
            <line number="75" hits="0" branch="False" />
            <line number="76" hits="23" branch="False" />
            <line number="78" hits="23" branch="True" condition-coverage="50% (1/2)">
              <conditions>
                <condition number="114" type="jump" coverage="50%" />
              </conditions>
            </line>
            <line number="80" hits="115" branch="True" condition-coverage="100% (2/2)">
              <conditions>
                <condition number="174" type="jump" coverage="100%" />
              </conditions>
            </line>
            <line number="81" hits="23" branch="False" />
            <line number="82" hits="23" branch="True" condition-coverage="50% (1/2)">
              <conditions>
                <condition number="159" type="jump" coverage="50%" />
              </conditions>
            </line>
            <line number="83" hits="0" branch="False" />
            <line number="84" hits="23" branch="False" />
            <line number="86" hits="23" branch="False" />
            <line number="87" hits="23" branch="False" />
            <line number="95" hits="48" branch="False" />
            <line number="97" hits="170" branch="True" condition-coverage="100% (2/2)">
              <conditions>
                <condition number="73" type="jump" coverage="100%" />
              </conditions>
            </line>
            <line number="98" hits="13" branch="False" />
            <line number="99" hits="13" branch="False" />
            <line number="100" hits="13" branch="False" />
            <line number="101" hits="13" branch="False" />
            <line number="104" hits="52" branch="True" condition-coverage="100% (2/2)">
              <conditions>
                <condition number="93" type="jump" coverage="100%" />
              </conditions>
            </line>
            <line number="106" hits="44" branch="False" />
            <line number="107" hits="44" branch="False" />
            <line number="108" hits="48" branch="False" />
          </lines>
        </class>
        <class name="IronMapper.Generator.Diagnostics.DiagnosticDescriptors" filename="IronMapper.Generator\Diagnostics\DiagnosticDescriptors.cs" line-rate="1" branch-rate="1" complexity="1">
          <methods>
            <method name=".cctor" signature="()" line-rate="1" branch-rate="1" complexity="1">
              <lines>
                <line number="12" hits="1" branch="False" />
                <line number="13" hits="1" branch="False" />
                <line number="14" hits="1" branch="False" />
                <line number="15" hits="1" branch="False" />
                <line number="16" hits="1" branch="False" />
                <line number="17" hits="1" branch="False" />
                <line number="18" hits="1" branch="False" />
                <line number="19" hits="1" branch="False" />
                <line number="24" hits="1" branch="False" />
                <line number="25" hits="1" branch="False" />
                <line number="26" hits="1" branch="False" />
                <line number="27" hits="1" branch="False" />
                <line number="28" hits="1" branch="False" />
                <line number="29" hits="1" branch="False" />
                <line number="30" hits="1" branch="False" />
                <line number="31" hits="1" branch="False" />
                <line number="36" hits="1" branch="False" />
                <line number="37" hits="1" branch="False" />
                <line number="38" hits="1" branch="False" />
                <line number="39" hits="1" branch="False" />
                <line number="40" hits="1" branch="False" />
                <line number="41" hits="1" branch="False" />
                <line number="42" hits="1" branch="False" />
                <line number="43" hits="1" branch="False" />
                <line number="48" hits="1" branch="False" />
                <line number="49" hits="1" branch="False" />
                <line number="50" hits="1" branch="False" />
                <line number="51" hits="1" branch="False" />
                <line number="52" hits="1" branch="False" />
                <line number="53" hits="1" branch="False" />
                <line number="54" hits="1" branch="False" />
                <line number="55" hits="1" branch="False" />
                <line number="60" hits="1" branch="False" />
                <line number="61" hits="1" branch="False" />
                <line number="62" hits="1" branch="False" />
                <line number="63" hits="1" branch="False" />
                <line number="64" hits="1" branch="False" />
                <line number="65" hits="1" branch="False" />
                <line number="66" hits="1" branch="False" />
                <line number="67" hits="1" branch="False" />
                <line number="72" hits="1" branch="False" />
                <line number="73" hits="1" branch="False" />
                <line number="74" hits="1" branch="False" />
                <line number="75" hits="1" branch="False" />
                <line number="76" hits="1" branch="False" />
                <line number="77" hits="1" branch="False" />
                <line number="78" hits="1" branch="False" />
                <line number="79" hits="1" branch="False" />
                <line number="84" hits="1" branch="False" />
                <line number="85" hits="1" branch="False" />
                <line number="86" hits="1" branch="False" />
                <line number="87" hits="1" branch="False" />
                <line number="88" hits="1" branch="False" />
                <line number="89" hits="1" branch="False" />
                <line number="90" hits="1" branch="False" />
                <line number="91" hits="1" branch="False" />
                <line number="96" hits="1" branch="False" />
                <line number="97" hits="1" branch="False" />
                <line number="98" hits="1" branch="False" />
                <line number="99" hits="1" branch="False" />
                <line number="100" hits="1" branch="False" />
                <line number="101" hits="1" branch="False" />
                <line number="102" hits="1" branch="False" />
                <line number="103" hits="1" branch="False" />
                <line number="108" hits="1" branch="False" />
                <line number="109" hits="1" branch="False" />
                <line number="110" hits="1" branch="False" />
                <line number="111" hits="1" branch="False" />
                <line number="112" hits="1" branch="False" />
                <line number="113" hits="1" branch="False" />
                <line number="114" hits="1" branch="False" />
                <line number="115" hits="1" branch="False" />
              </lines>
            </method>
          </methods>
          <lines>
            <line number="12" hits="1" branch="False" />
            <line number="13" hits="1" branch="False" />
            <line number="14" hits="1" branch="False" />
            <line number="15" hits="1" branch="False" />
            <line number="16" hits="1" branch="False" />
            <line number="17" hits="1" branch="False" />
            <line number="18" hits="1" branch="False" />
            <line number="19" hits="1" branch="False" />
            <line number="24" hits="1" branch="False" />
            <line number="25" hits="1" branch="False" />
            <line number="26" hits="1" branch="False" />
            <line number="27" hits="1" branch="False" />
            <line number="28" hits="1" branch="False" />
            <line number="29" hits="1" branch="False" />
            <line number="30" hits="1" branch="False" />
            <line number="31" hits="1" branch="False" />
            <line number="36" hits="1" branch="False" />
            <line number="37" hits="1" branch="False" />
            <line number="38" hits="1" branch="False" />
            <line number="39" hits="1" branch="False" />
            <line number="40" hits="1" branch="False" />
            <line number="41" hits="1" branch="False" />
            <line number="42" hits="1" branch="False" />
            <line number="43" hits="1" branch="False" />
            <line number="48" hits="1" branch="False" />
            <line number="49" hits="1" branch="False" />
            <line number="50" hits="1" branch="False" />
            <line number="51" hits="1" branch="False" />
            <line number="52" hits="1" branch="False" />
            <line number="53" hits="1" branch="False" />
            <line number="54" hits="1" branch="False" />
            <line number="55" hits="1" branch="False" />
            <line number="60" hits="1" branch="False" />
            <line number="61" hits="1" branch="False" />
            <line number="62" hits="1" branch="False" />
            <line number="63" hits="1" branch="False" />
            <line number="64" hits="1" branch="False" />
            <line number="65" hits="1" branch="False" />
            <line number="66" hits="1" branch="False" />
            <line number="67" hits="1" branch="False" />
            <line number="72" hits="1" branch="False" />
            <line number="73" hits="1" branch="False" />
            <line number="74" hits="1" branch="False" />
            <line number="75" hits="1" branch="False" />
            <line number="76" hits="1" branch="False" />
            <line number="77" hits="1" branch="False" />
            <line number="78" hits="1" branch="False" />
            <line number="79" hits="1" branch="False" />
            <line number="84" hits="1" branch="False" />
            <line number="85" hits="1" branch="False" />
            <line number="86" hits="1" branch="False" />
            <line number="87" hits="1" branch="False" />
            <line number="88" hits="1" branch="False" />
            <line number="89" hits="1" branch="False" />
            <line number="90" hits="1" branch="False" />
            <line number="91" hits="1" branch="False" />
            <line number="96" hits="1" branch="False" />
            <line number="97" hits="1" branch="False" />
            <line number="98" hits="1" branch="False" />
            <line number="99" hits="1" branch="False" />
            <line number="100" hits="1" branch="False" />
            <line number="101" hits="1" branch="False" />
            <line number="102" hits="1" branch="False" />
            <line number="103" hits="1" branch="False" />
            <line number="108" hits="1" branch="False" />
            <line number="109" hits="1" branch="False" />
            <line number="110" hits="1" branch="False" />
            <line number="111" hits="1" branch="False" />
            <line number="112" hits="1" branch="False" />
            <line number="113" hits="1" branch="False" />
            <line number="114" hits="1" branch="False" />
            <line number="115" hits="1" branch="False" />
          </lines>
        </class>
        <class name="IronMapper.Generator.CodeGeneration.MapperCodeEmitter" filename="IronMapper.Generator\CodeGeneration\MapperCodeEmitter.cs" line-rate="0.7714" branch-rate="0.6527" complexity="74">
          <methods>
            <method name="Emit" signature="(IronMapper.Generator.Analysis.Models.MappingDescriptor)" line-rate="0.7054" branch-rate="0.5217" complexity="46">
              <lines>
                <line number="30" hits="44" branch="False" />
                <line number="31" hits="44" branch="False" />
                <line number="32" hits="44" branch="False" />
                <line number="33" hits="44" branch="False" />
                <line number="37" hits="44" branch="False" />
                <line number="38" hits="44" branch="False" />
                <line number="40" hits="44" branch="False" />
                <line number="41" hits="44" branch="False" />
                <line number="42" hits="44" branch="False" />
                <line number="43" hits="44" branch="False" />
                <line number="44" hits="44" branch="False" />
                <line number="45" hits="44" branch="False" />
                <line number="46" hits="44" branch="False" />
                <line number="47" hits="44" branch="False" />
                <line number="52" hits="44" branch="False" />
                <line number="53" hits="44" branch="False" />
                <line number="54" hits="44" branch="False" />
                <line number="55" hits="44" branch="False" />
                <line number="56" hits="44" branch="False" />
                <line number="57" hits="44" branch="False" />
                <line number="59" hits="44" branch="True" condition-coverage="100% (2/2)">
                  <conditions>
                    <condition number="413" type="jump" coverage="100%" />
                  </conditions>
                </line>
                <line number="60" hits="1" branch="False" />
                <line number="62" hits="44" branch="True" condition-coverage="50% (1/2)">
                  <conditions>
                    <condition number="450" type="jump" coverage="50%" />
                  </conditions>
                </line>
                <line number="63" hits="44" branch="False" />
                <line number="64" hits="44" branch="False" />
                <line number="66" hits="44" branch="True" condition-coverage="100% (2/2)">
                  <conditions>
                    <condition number="543" type="jump" coverage="100%" />
                  </conditions>
                </line>
                <line number="67" hits="1" branch="False" />
                <line number="68" hits="1" branch="False" />
                <line number="69" hits="1" branch="False" />
                <line number="70" hits="43" branch="True" condition-coverage="100% (2/2)">
                  <conditions>
                    <condition number="597" type="jump" coverage="100%" />
                  </conditions>
                </line>
                <line number="71" hits="1" branch="False" />
                <line number="72" hits="1" branch="False" />
                <line number="73" hits="1" branch="False" />
                <line number="74" hits="42" branch="True" condition-coverage="50% (1/2)">
                  <conditions>
                    <condition number="641" type="jump" coverage="50%" />
                  </conditions>
                </line>
                <line number="75" hits="0" branch="False" />
                <line number="77" hits="0" branch="False" />
                <line number="79" hits="0" branch="True" condition-coverage="0% (0/2)">
                  <conditions>
                    <condition number="687" type="jump" coverage="0%" />
                  </conditions>
                </line>
                <line number="80" hits="0" branch="False" />
                <line number="82" hits="0" branch="True" condition-coverage="0% (0/2)">
                  <conditions>
                    <condition number="844" type="jump" coverage="0%" />
                  </conditions>
                </line>
                <line number="83" hits="0" branch="False" />
                <line number="84" hits="0" branch="True" condition-coverage="0% (0/4)">
                  <conditions>
                    <condition number="751" type="jump" coverage="0%" />
                    <condition number="767" type="jump" coverage="0%" />
                  </conditions>
                </line>
                <line number="85" hits="0" branch="False" />
                <line number="86" hits="0" branch="False" />
                <line number="88" hits="0" branch="True" condition-coverage="0% (0/2)">
                  <conditions>
                    <condition number="862" type="jump" coverage="0%" />
                  </conditions>
                </line>
                <line number="89" hits="0" branch="False" />
                <line number="91" hits="0" branch="False" />
                <line number="92" hits="0" branch="False" />
                <line number="94" hits="42" branch="False" />
                <line number="95" hits="42" branch="False" />
                <line number="96" hits="42" branch="False" />
                <line number="97" hits="234" branch="True" condition-coverage="100% (2/2)">
                  <conditions>
                    <condition number="1034" type="jump" coverage="100%" />
                  </conditions>
                </line>
                <line number="98" hits="54" branch="False" />
                <line number="99" hits="57" branch="True" condition-coverage="100% (2/2)">
                  <conditions>
                    <condition number="982" type="jump" coverage="100%" />
                  </conditions>
                </line>
                <line number="100" hits="51" branch="False" />
                <line number="101" hits="51" branch="False" />
                <line number="102" hits="51" branch="False" />
                <line number="103" hits="42" branch="False" />
                <line number="104" hits="42" branch="False" />
                <line number="106" hits="44" branch="False" />
                <line number="111" hits="44" branch="False" />
                <line number="112" hits="44" branch="False" />
                <line number="113" hits="44" branch="False" />
                <line number="114" hits="44" branch="False" />
                <line number="115" hits="44" branch="False" />
                <line number="116" hits="44" branch="False" />
                <line number="117" hits="44" branch="False" />
                <line number="118" hits="44" branch="False" />
                <line number="119" hits="240" branch="True" condition-coverage="100% (2/2)">
                  <conditions>
                    <condition number="1422" type="jump" coverage="100%" />
                  </conditions>
                </line>
                <line number="120" hits="54" branch="False" />
                <line number="121" hits="60" branch="True" condition-coverage="100% (4/4)">
                  <conditions>
                    <condition number="1329" type="jump" coverage="100%" />
                    <condition number="1345" type="jump" coverage="100%" />
                  </conditions>
                </line>
                <line number="122" hits="48" branch="False" />
                <line number="123" hits="48" branch="False" />
                <line number="124" hits="44" branch="False" />
                <line number="129" hits="44" branch="False" />
                <line number="130" hits="44" branch="False" />
                <line number="131" hits="44" branch="False" />
                <line number="132" hits="44" branch="False" />
                <line number="133" hits="44" branch="False" />
                <line number="134" hits="44" branch="False" />
                <line number="139" hits="44" branch="False" />
                <line number="140" hits="44" branch="False" />
                <line number="141" hits="44" branch="False" />
                <line number="142" hits="44" branch="False" />
                <line number="143" hits="44" branch="False" />
                <line number="144" hits="44" branch="False" />
                <line number="149" hits="44" branch="True" condition-coverage="50% (1/2)">
                  <conditions>
                    <condition number="1775" type="jump" coverage="50%" />
                  </conditions>
                </line>
                <line number="150" hits="0" branch="False" />
                <line number="151" hits="0" branch="False" />
                <line number="152" hits="0" branch="False" />
                <line number="153" hits="0" branch="False" />
                <line number="154" hits="0" branch="True" condition-coverage="0% (0/2)">
                  <conditions>
                    <condition number="1945" type="jump" coverage="0%" />
                  </conditions>
                </line>
                <line number="155" hits="0" branch="False" />
                <line number="156" hits="0" branch="False" />
                <line number="157" hits="0" branch="False" />
                <line number="159" hits="44" branch="True" condition-coverage="50% (1/2)">
                  <conditions>
                    <condition number="1977" type="jump" coverage="50%" />
                  </conditions>
                </line>
                <line number="160" hits="0" branch="False" />
                <line number="161" hits="0" branch="False" />
                <line number="162" hits="0" branch="False" />
                <line number="163" hits="0" branch="False" />
                <line number="164" hits="0" branch="True" condition-coverage="0% (0/2)">
                  <conditions>
                    <condition number="2147" type="jump" coverage="0%" />
                  </conditions>
                </line>
                <line number="165" hits="0" branch="False" />
                <line number="166" hits="0" branch="False" />
                <line number="167" hits="0" branch="False" />
                <line number="169" hits="136" branch="True" condition-coverage="100% (2/2)">
                  <conditions>
                    <condition number="2558" type="jump" coverage="100%" />
                  </conditions>
                </line>
                <line number="170" hits="2" branch="False" />
                <line number="171" hits="2" branch="False" />
                <line number="172" hits="2" branch="False" />
                <line number="173" hits="2" branch="True" condition-coverage="50% (1/2)">
                  <conditions>
                    <condition number="2237" type="jump" coverage="50%" />
                  </conditions>
                </line>
                <line number="174" hits="0" branch="False" />
                <line number="175" hits="0" branch="False" />
                <line number="176" hits="0" branch="False" />
                <line number="177" hits="0" branch="False" />
                <line number="178" hits="0" branch="False" />
                <line number="179" hits="0" branch="True" condition-coverage="0% (0/2)">
                  <conditions>
                    <condition number="2440" type="jump" coverage="0%" />
                  </conditions>
                </line>
                <line number="180" hits="0" branch="False" />
                <line number="181" hits="0" branch="False" />
                <line number="182" hits="0" branch="False" />
                <line number="184" hits="2" branch="False" />
                <line number="185" hits="2" branch="False" />
                <line number="186" hits="2" branch="False" />
                <line number="187" hits="2" branch="False" />
                <line number="189" hits="44" branch="False" />
                <line number="190" hits="44" branch="False" />
                <line number="192" hits="44" branch="True" condition-coverage="50% (1/2)">
                  <conditions>
                    <condition number="2595" type="jump" coverage="50%" />
                  </conditions>
                </line>
                <line number="193" hits="44" branch="False" />
                <line number="194" hits="44" branch="False" />
                <line number="195" hits="44" branch="False" />
                <line number="197" hits="44" branch="False" />
                <line number="198" hits="44" branch="False" />
              </lines>
            </method>
            <method name="BuildPropertyInitializer" signature="(IronMapper.Generator.Analysis.Models.PropertyMappingDescriptor,System.Collections.Immutable.ImmutableArray`1&lt;IronMapper.Generator.Analysis.Models.ValueTransformerDescriptor&gt;)" line-rate="1" branch-rate="1" complexity="1">
              <lines>
                <line number="209" hits="51" branch="False" />
              </lines>
            </method>
            <method name="BuildRhs" signature="(IronMapper.Generator.Analysis.Models.PropertyMappingDescriptor,System.Collections.Immutable.ImmutableArray`1&lt;IronMapper.Generator.Analysis.Models.ValueTransformerDescriptor&gt;)" line-rate="1" branch-rate="1" complexity="16">
              <lines>
                <line number="216" hits="99" branch="False" />
                <line number="218" hits="99" branch="True" condition-coverage="100% (2/2)">
                  <conditions>
                    <condition number="15" type="jump" coverage="100%" />
                  </conditions>
                </line>
                <line number="219" hits="16" branch="False" />
                <line number="220" hits="83" branch="True" condition-coverage="100% (2/2)">
                  <conditions>
                    <condition number="40" type="jump" coverage="100%" />
                  </conditions>
                </line>
                <line number="221" hits="4" branch="False" />
                <line number="222" hits="79" branch="True" condition-coverage="100% (2/2)">
                  <conditions>
                    <condition number="114" type="jump" coverage="100%" />
                  </conditions>
                </line>
                <line number="223" hits="2" branch="False" />
                <line number="225" hits="77" branch="False" />
                <line number="231" hits="99" branch="True" condition-coverage="100% (4/4)">
                  <conditions>
                    <condition number="149" type="jump" coverage="100%" />
                    <condition number="158" type="jump" coverage="100%" />
                  </conditions>
                </line>
                <line number="232" hits="99" branch="False" />
                <line number="233" hits="99" branch="True" condition-coverage="100% (2/2)">
                  <conditions>
                    <condition number="178" type="jump" coverage="100%" />
                  </conditions>
                </line>
                <line number="234" hits="42" branch="False" />
                <line number="235" hits="134" branch="True" condition-coverage="100% (2/2)">
                  <conditions>
                    <condition number="257" type="jump" coverage="100%" />
                  </conditions>
                </line>
                <line number="236" hits="6" branch="False" />
                <line number="237" hits="6" branch="True" condition-coverage="100% (2/2)">
                  <conditions>
                    <condition number="220" type="jump" coverage="100%" />
                  </conditions>
                </line>
                <line number="238" hits="4" branch="False" />
                <line number="239" hits="2" branch="False" />
                <line number="240" hits="38" branch="False" />
                <line number="242" hits="95" branch="False" />
                <line number="243" hits="99" branch="False" />
              </lines>
            </method>
            <method name="BuildCollectionRhs" signature="(IronMapper.Generator.Analysis.Models.PropertyMappingDescriptor)" line-rate="0.8461" branch-rate="0.5" complexity="4">
              <lines>
                <line number="249" hits="2" branch="False" />
                <line number="250" hits="2" branch="False" />
                <line number="251" hits="2" branch="False" />
                <line number="253" hits="2" branch="True" condition-coverage="50% (2/4)">
                  <conditions>
                    <condition number="89" type="jump" coverage="50%" />
                    <condition number="102" type="jump" coverage="50%" />
                  </conditions>
                </line>
                <line number="254" hits="2" branch="False" />
                <line number="255" hits="2" branch="False" />
                <line number="256" hits="0" branch="False" />
                <line number="257" hits="2" branch="False" />
                <line number="258" hits="2" branch="False" />
                <line number="259" hits="2" branch="False" />
                <line number="260" hits="0" branch="False" />
                <line number="261" hits="2" branch="False" />
                <line number="262" hits="2" branch="False" />
              </lines>
            </method>
            <method name="ScopeTransformers" signature="(System.Collections.Immutable.ImmutableArray`1&lt;IronMapper.Generator.Analysis.Models.ValueTransformerDescriptor&gt;,System.String)" line-rate="1" branch-rate="1" complexity="4">
              <lines>
                <line number="270" hits="44" branch="False" />
                <line number="271" hits="87" branch="True" condition-coverage="100% (2/2)">
                  <conditions>
                    <condition number="10" type="jump" coverage="100%" />
                  </conditions>
                </line>
                <line number="272" hits="1" branch="False" />
                <line number="273" hits="7" branch="True" condition-coverage="100% (2/2)">
                  <conditions>
                    <condition number="102" type="jump" coverage="100%" />
                  </conditions>
                </line>
                <line number="274" hits="2" branch="False" />
                <line number="275" hits="2" branch="False" />
                <line number="276" hits="1" branch="False" />
                <line number="277" hits="44" branch="False" />
              </lines>
            </method>
            <method name="GetFullTypeName" signature="(System.String,System.String)" line-rate="1" branch-rate="0.5" complexity="2">
              <lines>
                <line number="280" hits="88" branch="True" condition-coverage="50% (1/2)">
                  <conditions>
                    <condition number="1" type="jump" coverage="50%" />
                  </conditions>
                </line>
                <line number="281" hits="88" branch="False" />
                <line number="282" hits="88" branch="False" />
              </lines>
            </method>
            <method name="EscapeXml" signature="(System.String)" line-rate="1" branch-rate="1" complexity="1">
              <lines>
[...]
                <line number="13" hits="113" branch="False" />
              </lines>
            </method>
            <method name="get_IsIgnored" signature="()" line-rate="1" branch-rate="1" complexity="1">
              <lines>
                <line number="16" hits="120" branch="False" />
              </lines>
            </method>
            <method name="get_ConverterType" signature="()" line-rate="1" branch-rate="1" complexity="1">
              <lines>
                <line number="19" hits="123" branch="False" />
              </lines>
            </method>
            <method name="get_NeedsNullCheck" signature="()" line-rate="1" branch-rate="1" complexity="1">
              <lines>
                <line number="22" hits="8" branch="False" />
              </lines>
            </method>
            <method name="get_LambdaBody" signature="()" line-rate="1" branch-rate="1" complexity="1">
              <lines>
                <line number="29" hits="212" branch="False" />
              </lines>
            </method>
            <method name="get_IsInitOnly" signature="()" line-rate="1" branch-rate="1" complexity="1">
              <lines>
                <line number="35" hits="55" branch="False" />
              </lines>
            </method>
            <method name="get_CollectionElementMapMethod" signature="()" line-rate="1" branch-rate="1" complexity="1">
              <lines>
                <line number="42" hits="85" branch="False" />
              </lines>
            </method>
            <method name="get_CollectionOutputType" signature="()" line-rate="1" branch-rate="1" complexity="1">
              <lines>
                <line number="49" hits="6" branch="False" />
              </lines>
            </method>
            <method name="get_SourcePropertyTypeFqn" signature="()" line-rate="1" branch-rate="1" complexity="1">
              <lines>
                <line number="56" hits="87" branch="False" />
              </lines>
            </method>
            <method name="get_IncludedMemberTypeFqn" signature="()" line-rate="1" branch-rate="1" complexity="1">
              <lines>
                <line number="63" hits="103" branch="False" />
              </lines>
            </method>
            <method name="Equals" signature="(IronMapper.Generator.Analysis.Models.PropertyMappingDescriptor)" line-rate="1" branch-rate="1" complexity="24">
              <lines>
                <line number="105" hits="12" branch="False" />
                <line number="106" hits="15" branch="True" condition-coverage="100% (2/2)">
                  <conditions>
                    <condition number="7" type="jump" coverage="100%" />
                  </conditions>
                </line>
                <line number="107" hits="10" branch="True" condition-coverage="100% (2/2)">
                  <conditions>
                    <condition number="22" type="jump" coverage="100%" />
                  </conditions>
                </line>
                <line number="108" hits="8" branch="True" condition-coverage="100% (20/20)">
                  <conditions>
                    <condition number="48" type="jump" coverage="100%" />
                    <condition number="70" type="jump" coverage="100%" />
                    <condition number="87" type="jump" coverage="100%" />
                    <condition number="109" type="jump" coverage="100%" />
                    <condition number="123" type="jump" coverage="100%" />
                    <condition number="142" type="jump" coverage="100%" />
                    <condition number="156" type="jump" coverage="100%" />
                    <condition number="175" type="jump" coverage="100%" />
                    <condition number="194" type="jump" coverage="100%" />
                    <condition number="213" type="jump" coverage="100%" />
                  </conditions>
                </line>
                <line number="109" hits="8" branch="False" />
                <line number="110" hits="8" branch="False" />
                <line number="111" hits="8" branch="False" />
                <line number="112" hits="8" branch="False" />
                <line number="113" hits="8" branch="False" />
                <line number="114" hits="8" branch="False" />
                <line number="115" hits="8" branch="False" />
                <line number="116" hits="8" branch="False" />
                <line number="117" hits="8" branch="False" />
                <line number="118" hits="8" branch="False" />
                <line number="119" hits="12" branch="False" />
              </lines>
            </method>
            <method name="Equals" signature="(System.Object)" line-rate="1" branch-rate="1" complexity="1">
              <lines>
                <line number="122" hits="2" branch="False" />
              </lines>
            </method>
            <method name="GetHashCode" signature="()" line-rate="1" branch-rate="0.5" complexity="12">
              <lines>
                <line number="126" hits="2" branch="False" />
                <line number="127" hits="2" branch="False" />
                <line number="128" hits="2" branch="False" />
                <line number="129" hits="2" branch="False" />
                <line number="130" hits="2" branch="False" />
                <line number="131" hits="2" branch="True" condition-coverage="50% (1/2)">
                  <conditions>
                    <condition number="69" type="jump" coverage="50%" />
                  </conditions>
                </line>
                <line number="132" hits="2" branch="False" />
                <line number="133" hits="2" branch="True" condition-coverage="50% (1/2)">
                  <conditions>
                    <condition number="113" type="jump" coverage="50%" />
                  </conditions>
                </line>
                <line number="134" hits="2" branch="False" />
                <line number="135" hits="2" branch="True" condition-coverage="50% (1/2)">
                  <conditions>
                    <condition number="157" type="jump" coverage="50%" />
                  </conditions>
                </line>
                <line number="136" hits="2" branch="True" condition-coverage="50% (1/2)">
                  <conditions>
                    <condition number="181" type="jump" coverage="50%" />
                  </conditions>
                </line>
                <line number="137" hits="2" branch="True" condition-coverage="50% (1/2)">
                  <conditions>
                    <condition number="205" type="jump" coverage="50%" />
                  </conditions>
                </line>
                <line number="138" hits="2" branch="True" condition-coverage="50% (1/2)">
                  <conditions>
                    <condition number="229" type="jump" coverage="50%" />
                  </conditions>
                </line>
                <line number="139" hits="2" branch="False" />
                <line number="140" hits="2" branch="False" />
              </lines>
            </method>
            <method name=".ctor" signature="(System.String,System.String,System.Boolean,System.String,System.Boolean,System.String,System.Boolean,System.String,System.String,System.String,System.String)" line-rate="1" branch-rate="1" complexity="1">
              <lines>
                <line number="77" hits="75" branch="False" />
                <line number="78" hits="75" branch="False" />
                <line number="79" hits="75" branch="False" />
                <line number="80" hits="75" branch="False" />
                <line number="81" hits="75" branch="False" />
                <line number="82" hits="75" branch="False" />
                <line number="83" hits="75" branch="False" />
                <line number="84" hits="75" branch="False" />
                <line number="85" hits="75" branch="False" />
                <line number="86" hits="75" branch="False" />
                <line number="87" hits="75" branch="False" />
                <line number="88" hits="75" branch="False" />
                <line number="89" hits="75" branch="False" />
                <line number="90" hits="75" branch="False" />
                <line number="91" hits="75" branch="False" />
                <line number="92" hits="75" branch="False" />
                <line number="93" hits="75" branch="False" />
                <line number="94" hits="75" branch="False" />
                <line number="95" hits="75" branch="False" />
                <line number="96" hits="75" branch="False" />
                <line number="97" hits="75" branch="False" />
                <line number="98" hits="75" branch="False" />
                <line number="99" hits="75" branch="False" />
                <line number="100" hits="75" branch="False" />
                <line number="101" hits="75" branch="False" />
              </lines>
            </method>
          </methods>
          <lines>
            <line number="10" hits="101" branch="False" />
            <line number="13" hits="113" branch="False" />
            <line number="16" hits="120" branch="False" />
            <line number="19" hits="123" branch="False" />
            <line number="22" hits="8" branch="False" />
            <line number="29" hits="212" branch="False" />
            <line number="35" hits="55" branch="False" />
            <line number="42" hits="85" branch="False" />
            <line number="49" hits="6" branch="False" />
            <line number="56" hits="87" branch="False" />
            <line number="63" hits="103" branch="False" />
            <line number="105" hits="12" branch="False" />
            <line number="106" hits="15" branch="True" condition-coverage="100% (2/2)">
              <conditions>
                <condition number="7" type="jump" coverage="100%" />
              </conditions>
            </line>
            <line number="107" hits="10" branch="True" condition-coverage="100% (2/2)">
              <conditions>
                <condition number="22" type="jump" coverage="100%" />
              </conditions>
            </line>
            <line number="108" hits="8" branch="True" condition-coverage="100% (20/20)">
              <conditions>
                <condition number="48" type="jump" coverage="100%" />
                <condition number="70" type="jump" coverage="100%" />
                <condition number="87" type="jump" coverage="100%" />
                <condition number="109" type="jump" coverage="100%" />
                <condition number="123" type="jump" coverage="100%" />
                <condition number="142" type="jump" coverage="100%" />
                <condition number="156" type="jump" coverage="100%" />
                <condition number="175" type="jump" coverage="100%" />
                <condition number="194" type="jump" coverage="100%" />
                <condition number="213" type="jump" coverage="100%" />
              </conditions>
            </line>
            <line number="109" hits="8" branch="False" />
            <line number="110" hits="8" branch="False" />
            <line number="111" hits="8" branch="False" />
            <line number="112" hits="8" branch="False" />
            <line number="113" hits="8" branch="False" />
            <line number="114" hits="8" branch="False" />
            <line number="115" hits="8" branch="False" />
            <line number="116" hits="8" branch="False" />
            <line number="117" hits="8" branch="False" />
            <line number="118" hits="8" branch="False" />
            <line number="119" hits="12" branch="False" />
            <line number="122" hits="2" branch="False" />
            <line number="126" hits="2" branch="False" />
            <line number="127" hits="2" branch="False" />
            <line number="128" hits="2" branch="False" />
            <line number="129" hits="2" branch="False" />
            <line number="130" hits="2" branch="False" />
            <line number="131" hits="2" branch="True" condition-coverage="50% (1/2)">
              <conditions>
                <condition number="69" type="jump" coverage="50%" />
              </conditions>
            </line>
            <line number="132" hits="2" branch="False" />
            <line number="133" hits="2" branch="True" condition-coverage="50% (1/2)">
              <conditions>
                <condition number="113" type="jump" coverage="50%" />
              </conditions>
            </line>
            <line number="134" hits="2" branch="False" />
            <line number="135" hits="2" branch="True" condition-coverage="50% (1/2)">
              <conditions>
                <condition number="157" type="jump" coverage="50%" />
              </conditions>
            </line>
            <line number="136" hits="2" branch="True" condition-coverage="50% (1/2)">
              <conditions>
                <condition number="181" type="jump" coverage="50%" />
              </conditions>
            </line>
            <line number="137" hits="2" branch="True" condition-coverage="50% (1/2)">
              <conditions>
                <condition number="205" type="jump" coverage="50%" />
              </conditions>
            </line>
            <line number="138" hits="2" branch="True" condition-coverage="50% (1/2)">
              <conditions>
                <condition number="229" type="jump" coverage="50%" />
              </conditions>
            </line>
            <line number="139" hits="2" branch="False" />
            <line number="140" hits="2" branch="False" />
            <line number="77" hits="75" branch="False" />
            <line number="78" hits="75" branch="False" />
            <line number="79" hits="75" branch="False" />
            <line number="80" hits="75" branch="False" />
            <line number="81" hits="75" branch="False" />
            <line number="82" hits="75" branch="False" />
            <line number="83" hits="75" branch="False" />
            <line number="84" hits="75" branch="False" />
            <line number="85" hits="75" branch="False" />
            <line number="86" hits="75" branch="False" />
            <line number="87" hits="75" branch="False" />
            <line number="88" hits="75" branch="False" />
            <line number="89" hits="75" branch="False" />
            <line number="90" hits="75" branch="False" />
            <line number="91" hits="75" branch="False" />
            <line number="92" hits="75" branch="False" />
            <line number="93" hits="75" branch="False" />
            <line number="94" hits="75" branch="False" />
            <line number="95" hits="75" branch="False" />
            <line number="96" hits="75" branch="False" />
            <line number="97" hits="75" branch="False" />
            <line number="98" hits="75" branch="False" />
            <line number="99" hits="75" branch="False" />
            <line number="100" hits="75" branch="False" />
            <line number="101" hits="75" branch="False" />
          </lines>
        </class>
        <class name="IronMapper.Generator.Analysis.Models.ValueTransformerDescriptor" filename="IronMapper.Generator\Analysis\Models\ValueTransformerDescriptor.cs" line-rate="0.5238" branch-rate="0" complexity="11">
          <methods>
            <method name="get_FullyQualifiedTypeName" signature="()" line-rate="1" branch-rate="1" complexity="1">
              <lines>
                <line number="9" hits="12" branch="False" />
              </lines>
            </method>
            <method name="get_FriendlyTypeName" signature="()" line-rate="1" branch-rate="1" complexity="1">
              <lines>
                <line number="12" hits="2" branch="False" />
              </lines>
            </method>
            <method name="get_LambdaBody" signature="()" line-rate="1" branch-rate="1" complexity="1">
              <lines>
                <line number="15" hits="6" branch="False" />
              </lines>
            </method>
            <method name="get_MethodName" signature="()" line-rate="1" branch-rate="1" complexity="1">
              <lines>
                <line number="18" hits="8" branch="False" />
              </lines>
            </method>
            <method name="Equals" signature="(IronMapper.Generator.Analysis.Models.ValueTransformerDescriptor)" line-rate="0" branch-rate="0" complexity="4">
              <lines>
                <line number="29" hits="0" branch="True" condition-coverage="0% (0/4)">
                  <conditions>
                    <condition number="1" type="jump" coverage="0%" />
                    <condition number="20" type="jump" coverage="0%" />
                  </conditions>
                </line>
                <line number="30" hits="0" branch="False" />
                <line number="31" hits="0" branch="False" />
              </lines>
            </method>
            <method name="Equals" signature="(System.Object)" line-rate="0" branch-rate="1" complexity="1">
              <lines>
                <line number="33" hits="0" branch="False" />
              </lines>
            </method>
            <method name="GetHashCode" signature="()" line-rate="0" branch-rate="1" complexity="1">
              <lines>
                <line number="36" hits="0" branch="False" />
                <line number="37" hits="0" branch="False" />
                <line number="38" hits="0" branch="False" />
                <line number="39" hits="0" branch="False" />
                <line number="40" hits="0" branch="False" />
                <line number="41" hits="0" branch="False" />
              </lines>
            </method>
            <method name=".ctor" signature="(System.String,System.String,System.String,System.String)" line-rate="1" branch-rate="1" complexity="1">
              <lines>
                <line number="20" hits="4" branch="False" />
                <line number="21" hits="4" branch="False" />
                <line number="22" hits="4" branch="False" />
                <line number="23" hits="4" branch="False" />
                <line number="24" hits="4" branch="False" />
                <line number="25" hits="4" branch="False" />
                <line number="26" hits="4" branch="False" />
              </lines>
            </method>
          </methods>
          <lines>
            <line number="9" hits="12" branch="False" />
            <line number="12" hits="2" branch="False" />
            <line number="15" hits="6" branch="False" />
            <line number="18" hits="8" branch="False" />
            <line number="29" hits="0" branch="True" condition-coverage="0% (0/4)">
              <conditions>
                <condition number="1" type="jump" coverage="0%" />
                <condition number="20" type="jump" coverage="0%" />
              </conditions>
            </line>
            <line number="30" hits="0" branch="False" />
            <line number="31" hits="0" branch="False" />
            <line number="33" hits="0" branch="False" />
            <line number="36" hits="0" branch="False" />
            <line number="37" hits="0" branch="False" />
            <line number="38" hits="0" branch="False" />
            <line number="39" hits="0" branch="False" />
            <line number="40" hits="0" branch="False" />
            <line number="41" hits="0" branch="False" />
            <line number="20" hits="4" branch="False" />
            <line number="21" hits="4" branch="False" />
            <line number="22" hits="4" branch="False" />
            <line number="23" hits="4" branch="False" />
            <line number="24" hits="4" branch="False" />
            <line number="25" hits="4" branch="False" />
            <line number="26" hits="4" branch="False" />
          </lines>
        </class>
      </classes>
    </package>
  </packages>
</coverage>